# JRE version: Java(TM) SE Runtime Environment (8.0_181-b13) (build 1.8.0_181-b13)
# Java VM: Java HotSpot(TM) 64-Bit Server VM (25.181-b13 mixed mode windows-amd64 compressed oops)
Heap:
 PSYoungGen      total 171520K, used 92541K [0x000000076b580000, 0x0000000777f80000, 0x00000007c0000000)
  eden space 157696K, 58% used [0x000000076b580000,0x0000000770fdf668,0x0000000774f80000)
  from space 13824K, 0% used [0x0000000775d00000,0x0000000775d00000,0x0000000776a80000)
  to   space 13824K, 0% used [0x0000000774f80000,0x0000000774f80000,0x0000000775d00000)
 ParOldGen       total 121856K, used 15384K [0x00000006c2000000, 0x00000006c9700000, 0x000000076b580000)
  object space 121856K, 12% used [0x00000006c2000000,0x00000006c2f06040,0x00000006c9700000)
 Metaspace       used 68997K, capacity 73341K, committed 73688K, reserved 1114112K
  class space    used 9486K, capacity 9865K, committed 9984K, reserved 1048576K
GC Heap History (10 events):
Event: 12.060 GC heap before
{Heap before GC invocations=7 (full 2):
 PSYoungGen      total 75776K, used 65024K [0x000000076b580000, 0x0000000773f80000, 0x00000007c0000000)
  eden space 65024K, 100% used [0x000000076b580000,0x000000076f500000,0x000000076f500000)
  from space 10752K, 0% used [0x000000076ff80000,0x000000076ff80000,0x0000000770a00000)
  to   space 10752K, 0% used [0x000000076f500000,0x000000076f500000,0x000000076ff80000)
 ParOldGen       total 121856K, used 11146K [0x00000006c2000000, 0x00000006c9700000, 0x000000076b580000)
  object space 121856K, 9% used [0x00000006c2000000,0x00000006c2ae2900,0x00000006c9700000)
 Metaspace       used 40131K, capacity 42526K, committed 42752K, reserved 1085440K
  class space    used 5529K, capacity 5801K, committed 5888K, reserved 1048576K
Event: 12.064 GC heap after
Heap after GC invocations=7 (full 2):
 PSYoungGen      total 75776K, used 8195K [0x000000076b580000, 0x0000000772e00000, 0x00000007c0000000)
  eden space 65024K, 0% used [0x000000076b580000,0x000000076b580000,0x000000076f500000)
  from space 10752K, 76% used [0x000000076f500000,0x000000076fd00d20,0x000000076ff80000)
  to   space 11264K, 0% used [0x0000000772300000,0x0000000772300000,0x0000000772e00000)
 ParOldGen       total 121856K, used 11154K [0x00000006c2000000, 0x00000006c9700000, 0x000000076b580000)
  object space 121856K, 9% used [0x00000006c2000000,0x00000006c2ae4900,0x00000006c9700000)
 Metaspace       used 40131K, capacity 42526K, committed 42752K, reserved 1085440K
  class space    used 5529K, capacity 5801K, committed 5888K, reserved 1048576K
}
Event: 12.473 GC heap before
{Heap before GC invocations=8 (full 2):
 PSYoungGen      total 75776K, used 72867K [0x000000076b580000, 0x0000000772e00000, 0x00000007c0000000)
  eden space 65024K, 99% used [0x000000076b580000,0x000000076f4a7f98,0x000000076f500000)
  from space 10752K, 76% used [0x000000076f500000,0x000000076fd00d20,0x000000076ff80000)
  to   space 11264K, 0% used [0x0000000772300000,0x0000000772300000,0x0000000772e00000)
 ParOldGen       total 121856K, used 11154K [0x00000006c2000000, 0x00000006c9700000, 0x000000076b580000)
  object space 121856K, 9% used [0x00000006c2000000,0x00000006c2ae4900,0x00000006c9700000)
 Metaspace       used 46297K, capacity 48758K, committed 49024K, reserved 1091584K
  class space    used 6200K, capacity 6480K, committed 6528K, reserved 1048576K
Event: 12.478 GC heap after
Heap after GC invocations=8 (full 2):
 PSYoungGen      total 111104K, used 10837K [0x000000076b580000, 0x0000000773100000, 0x00000007c0000000)
  eden space 99840K, 0% used [0x000000076b580000,0x000000076b580000,0x0000000771700000)
  from space 11264K, 96% used [0x0000000772300000,0x0000000772d956d8,0x0000000772e00000)
  to   space 12288K, 0% used [0x0000000771700000,0x0000000771700000,0x0000000772300000)
 ParOldGen       total 121856K, used 11162K [0x00000006c2000000, 0x00000006c9700000, 0x000000076b580000)
  object space 121856K, 9% used [0x00000006c2000000,0x00000006c2ae6900,0x00000006c9700000)
 Metaspace       used 46297K, capacity 48758K, committed 49024K, reserved 1091584K
  class space    used 6200K, capacity 6480K, committed 6528K, reserved 1048576K
}
Event: 12.926 GC heap before
{Heap before GC invocations=9 (full 2):
 PSYoungGen      total 111104K, used 110677K [0x000000076b580000, 0x0000000773100000, 0x00000007c0000000)
  eden space 99840K, 100% used [0x000000076b580000,0x0000000771700000,0x0000000771700000)
  from space 11264K, 96% used [0x0000000772300000,0x0000000772d956d8,0x0000000772e00000)
  to   space 12288K, 0% used [0x0000000771700000,0x0000000771700000,0x0000000772300000)
 ParOldGen       total 121856K, used 11162K [0x00000006c2000000, 0x00000006c9700000, 0x000000076b580000)
  object space 121856K, 9% used [0x00000006c2000000,0x00000006c2ae6900,0x00000006c9700000)
 Metaspace       used 55276K, capacity 58471K, committed 58624K, reserved 1099776K
  class space    used 7556K, capacity 7870K, committed 7936K, reserved 1048576K
Event: 12.933 GC heap after
Heap after GC invocations=9 (full 2):
 PSYoungGen      total 112128K, used 12272K [0x000000076b580000, 0x0000000776a80000, 0x00000007c0000000)
  eden space 99840K, 0% used [0x000000076b580000,0x000000076b580000,0x0000000771700000)
  from space 12288K, 99% used [0x0000000771700000,0x00000007722fc310,0x0000000772300000)
  to   space 13824K, 0% used [0x0000000775d00000,0x0000000775d00000,0x0000000776a80000)
 ParOldGen       total 121856K, used 12115K [0x00000006c2000000, 0x00000006c9700000, 0x000000076b580000)
  object space 121856K, 9% used [0x00000006c2000000,0x00000006c2bd4e70,0x00000006c9700000)
 Metaspace       used 55276K, capacity 58471K, committed 58624K, reserved 1099776K
  class space    used 7556K, capacity 7870K, committed 7936K, reserved 1048576K
}
Event: 12.961 GC heap before
{Heap before GC invocations=10 (full 2):
 PSYoungGen      total 112128K, used 24106K [0x000000076b580000, 0x0000000776a80000, 0x00000007c0000000)
  eden space 99840K, 11% used [0x000000076b580000,0x000000076c10e640,0x0000000771700000)
  from space 12288K, 99% used [0x0000000771700000,0x00000007722fc310,0x0000000772300000)
  to   space 13824K, 0% used [0x0000000775d00000,0x0000000775d00000,0x0000000776a80000)
 ParOldGen       total 121856K, used 12115K [0x00000006c2000000, 0x00000006c9700000, 0x000000076b580000)
  object space 121856K, 9% used [0x00000006c2000000,0x00000006c2bd4e70,0x00000006c9700000)
 Metaspace       used 55845K, capacity 59015K, committed 59096K, reserved 1099776K
  class space    used 7611K, capacity 7902K, committed 7936K, reserved 1048576K
Event: 12.964 GC heap after
Heap after GC invocations=10 (full 2):
 PSYoungGen      total 171520K, used 7071K [0x000000076b580000, 0x0000000777f80000, 0x00000007c0000000)
  eden space 157696K, 0% used [0x000000076b580000,0x000000076b580000,0x0000000774f80000)
  from space 13824K, 51% used [0x0000000775d00000,0x00000007763e7de0,0x0000000776a80000)
  to   space 13824K, 0% used [0x0000000774f80000,0x0000000774f80000,0x0000000775d00000)
 ParOldGen       total 121856K, used 12115K [0x00000006c2000000, 0x00000006c9700000, 0x000000076b580000)
  object space 121856K, 9% used [0x00000006c2000000,0x00000006c2bd4e70,0x00000006c9700000)
 Metaspace       used 55845K, capacity 59015K, committed 59096K, reserved 1099776K
  class space    used 7611K, capacity 7902K, committed 7936K, reserved 1048576K
}
Event: 12.964 GC heap before
{Heap before GC invocations=11 (full 3):
 PSYoungGen      total 171520K, used 7071K [0x000000076b580000, 0x0000000777f80000, 0x00000007c0000000)
  eden space 157696K, 0% used [0x000000076b580000,0x000000076b580000,0x0000000774f80000)
  from space 13824K, 51% used [0x0000000775d00000,0x00000007763e7de0,0x0000000776a80000)
  to   space 13824K, 0% used [0x0000000774f80000,0x0000000774f80000,0x0000000775d00000)
 ParOldGen       total 121856K, used 12115K [0x00000006c2000000, 0x00000006c9700000, 0x000000076b580000)
  object space 121856K, 9% used [0x00000006c2000000,0x00000006c2bd4e70,0x00000006c9700000)
 Metaspace       used 55845K, capacity 59015K, committed 59096K, reserved 1099776K
  class space    used 7611K, capacity 7902K, committed 7936K, reserved 1048576K
Event: 13.037 GC heap after
Heap after GC invocations=11 (full 3):
 PSYoungGen      total 171520K, used 0K [0x000000076b580000, 0x0000000777f80000, 0x00000007c0000000)
  eden space 157696K, 0% used [0x000000076b580000,0x000000076b580000,0x0000000774f80000)
  from space 13824K, 0% used [0x0000000775d00000,0x0000000775d00000,0x0000000776a80000)
  to   space 13824K, 0% used [0x0000000774f80000,0x0000000774f80000,0x0000000775d00000)
 ParOldGen       total 121856K, used 15384K [0x00000006c2000000, 0x00000006c9700000, 0x000000076b580000)
  object space 121856K, 12% used [0x00000006c2000000,0x00000006c2f06040,0x00000006c9700000)
 Metaspace       used 55840K, capacity 59003K, committed 59096K, reserved 1099776K
  class space    used 7609K, capacity 7900K, committed 7936K, reserved 1048576K
}

