# JRE version: Java(TM) SE Runtime Environment (8.0_181-b13) (build 1.8.0_181-b13)
# Java VM: Java HotSpot(TM) 64-Bit Server VM (25.181-b13 mixed mode windows-amd64 compressed oops)
Heap:
 PSYoungGen      total 166912K, used 36866K [0x000000076b580000, 0x0000000777a80000, 0x00000007c0000000)
  eden space 153088K, 15% used [0x000000076b580000,0x000000076cc06720,0x0000000774b00000)
  from space 13824K, 99% used [0x0000000774b00000,0x000000077587a428,0x0000000775880000)
  to   space 13824K, 0% used [0x0000000775880000,0x0000000775880000,0x0000000776600000)
 ParOldGen       total 123904K, used 17325K [0x00000006c2000000, 0x00000006c9900000, 0x000000076b580000)
  object space 123904K, 13% used [0x00000006c2000000,0x00000006c30eb410,0x00000006c9900000)
 Metaspace       used 74869K, capacity 79931K, committed 80088K, reserved 1118208K
  class space    used 10497K, capacity 10893K, committed 11008K, reserved 1048576K
GC Heap History (10 events):
Event: 12.469 GC heap before
{Heap before GC invocations=8 (full 2):
 PSYoungGen      total 75776K, used 73083K [0x000000076b580000, 0x0000000772b80000, 0x00000007c0000000)
  eden space 65024K, 100% used [0x000000076b580000,0x000000076f500000,0x000000076f500000)
  from space 10752K, 74% used [0x000000076f500000,0x000000076fcded50,0x000000076ff80000)
  to   space 10752K, 0% used [0x0000000772100000,0x0000000772100000,0x0000000772b80000)
 ParOldGen       total 123904K, used 11143K [0x00000006c2000000, 0x00000006c9900000, 0x000000076b580000)
  object space 123904K, 8% used [0x00000006c2000000,0x00000006c2ae1f00,0x00000006c9900000)
 Metaspace       used 46725K, capacity 49218K, committed 49536K, reserved 1091584K
  class space    used 6201K, capacity 6480K, committed 6528K, reserved 1048576K
Event: 12.473 GC heap after
Heap after GC invocations=8 (full 2):
 PSYoungGen      total 108544K, used 10727K [0x000000076b580000, 0x0000000772f80000, 0x00000007c0000000)
  eden space 97792K, 0% used [0x000000076b580000,0x000000076b580000,0x0000000771500000)
  from space 10752K, 99% used [0x0000000772100000,0x0000000772b79c48,0x0000000772b80000)
  to   space 12288K, 0% used [0x0000000771500000,0x0000000771500000,0x0000000772100000)
 ParOldGen       total 123904K, used 11415K [0x00000006c2000000, 0x00000006c9900000, 0x000000076b580000)
  object space 123904K, 9% used [0x00000006c2000000,0x00000006c2b25d38,0x00000006c9900000)
 Metaspace       used 46725K, capacity 49218K, committed 49536K, reserved 1091584K
  class space    used 6201K, capacity 6480K, committed 6528K, reserved 1048576K
}
Event: 12.973 GC heap before
{Heap before GC invocations=9 (full 2):
 PSYoungGen      total 108544K, used 108519K [0x000000076b580000, 0x0000000772f80000, 0x00000007c0000000)
  eden space 97792K, 100% used [0x000000076b580000,0x0000000771500000,0x0000000771500000)
  from space 10752K, 99% used [0x0000000772100000,0x0000000772b79c48,0x0000000772b80000)
  to   space 12288K, 0% used [0x0000000771500000,0x0000000771500000,0x0000000772100000)
 ParOldGen       total 123904K, used 11415K [0x00000006c2000000, 0x00000006c9900000, 0x000000076b580000)
  object space 123904K, 9% used [0x00000006c2000000,0x00000006c2b25d38,0x00000006c9900000)
 Metaspace       used 55210K, capacity 58455K, committed 58624K, reserved 1099776K
  class space    used 7550K, capacity 7864K, committed 7936K, reserved 1048576K
Event: 12.980 GC heap after
Heap after GC invocations=9 (full 2):
 PSYoungGen      total 110080K, used 12283K [0x000000076b580000, 0x0000000776600000, 0x00000007c0000000)
  eden space 97792K, 0% used [0x000000076b580000,0x000000076b580000,0x0000000771500000)
  from space 12288K, 99% used [0x0000000771500000,0x00000007720feee0,0x0000000772100000)
  to   space 13824K, 0% used [0x0000000775880000,0x0000000775880000,0x0000000776600000)
 ParOldGen       total 123904K, used 12283K [0x00000006c2000000, 0x00000006c9900000, 0x000000076b580000)
  object space 123904K, 9% used [0x00000006c2000000,0x00000006c2bfed48,0x00000006c9900000)
 Metaspace       used 55210K, capacity 58455K, committed 58624K, reserved 1099776K
  class space    used 7550K, capacity 7864K, committed 7936K, reserved 1048576K
}
Event: 13.016 GC heap before
{Heap before GC invocations=10 (full 2):
 PSYoungGen      total 110080K, used 23570K [0x000000076b580000, 0x0000000776600000, 0x00000007c0000000)
  eden space 97792K, 11% used [0x000000076b580000,0x000000076c085b90,0x0000000771500000)
  from space 12288K, 99% used [0x0000000771500000,0x00000007720feee0,0x0000000772100000)
  to   space 13824K, 0% used [0x0000000775880000,0x0000000775880000,0x0000000776600000)
 ParOldGen       total 123904K, used 12283K [0x00000006c2000000, 0x00000006c9900000, 0x000000076b580000)
  object space 123904K, 9% used [0x00000006c2000000,0x00000006c2bfed48,0x00000006c9900000)
 Metaspace       used 55839K, capacity 59015K, committed 59096K, reserved 1099776K
  class space    used 7611K, capacity 7902K, committed 7936K, reserved 1048576K
Event: 13.020 GC heap after
Heap after GC invocations=10 (full 2):
 PSYoungGen      total 166912K, used 7171K [0x000000076b580000, 0x0000000777a80000, 0x00000007c0000000)
  eden space 153088K, 0% used [0x000000076b580000,0x000000076b580000,0x0000000774b00000)
  from space 13824K, 51% used [0x0000000775880000,0x0000000775f80c38,0x0000000776600000)
  to   space 13824K, 0% used [0x0000000774b00000,0x0000000774b00000,0x0000000775880000)
 ParOldGen       total 123904K, used 12291K [0x00000006c2000000, 0x00000006c9900000, 0x000000076b580000)
  object space 123904K, 9% used [0x00000006c2000000,0x00000006c2c00d48,0x00000006c9900000)
 Metaspace       used 55839K, capacity 59015K, committed 59096K, reserved 1099776K
  class space    used 7611K, capacity 7902K, committed 7936K, reserved 1048576K
}
Event: 13.020 GC heap before
{Heap before GC invocations=11 (full 3):
 PSYoungGen      total 166912K, used 7171K [0x000000076b580000, 0x0000000777a80000, 0x00000007c0000000)
  eden space 153088K, 0% used [0x000000076b580000,0x000000076b580000,0x0000000774b00000)
  from space 13824K, 51% used [0x0000000775880000,0x0000000775f80c38,0x0000000776600000)
  to   space 13824K, 0% used [0x0000000774b00000,0x0000000774b00000,0x0000000775880000)
 ParOldGen       total 123904K, used 12291K [0x00000006c2000000, 0x00000006c9900000, 0x000000076b580000)
  object space 123904K, 9% used [0x00000006c2000000,0x00000006c2c00d48,0x00000006c9900000)
 Metaspace       used 55839K, capacity 59015K, committed 59096K, reserved 1099776K
  class space    used 7611K, capacity 7902K, committed 7936K, reserved 1048576K
Event: 13.102 GC heap after
Heap after GC invocations=11 (full 3):
 PSYoungGen      total 166912K, used 0K [0x000000076b580000, 0x0000000777a80000, 0x00000007c0000000)
  eden space 153088K, 0% used [0x000000076b580000,0x000000076b580000,0x0000000774b00000)
  from space 13824K, 0% used [0x0000000775880000,0x0000000775880000,0x0000000776600000)
  to   space 13824K, 0% used [0x0000000774b00000,0x0000000774b00000,0x0000000775880000)
 ParOldGen       total 123904K, used 15422K [0x00000006c2000000, 0x00000006c9900000, 0x000000076b580000)
  object space 123904K, 12% used [0x00000006c2000000,0x00000006c2f0f8a8,0x00000006c9900000)
 Metaspace       used 55835K, capacity 59003K, committed 59096K, reserved 1099776K
  class space    used 7610K, capacity 7900K, committed 7936K, reserved 1048576K
}
Event: 14.235 GC heap before
{Heap before GC invocations=12 (full 3):
 PSYoungGen      total 166912K, used 153088K [0x000000076b580000, 0x0000000777a80000, 0x00000007c0000000)
  eden space 153088K, 100% used [0x000000076b580000,0x0000000774b00000,0x0000000774b00000)
  from space 13824K, 0% used [0x0000000775880000,0x0000000775880000,0x0000000776600000)
  to   space 13824K, 0% used [0x0000000774b00000,0x0000000774b00000,0x0000000775880000)
 ParOldGen       total 123904K, used 15422K [0x00000006c2000000, 0x00000006c9900000, 0x000000076b580000)
  object space 123904K, 12% used [0x00000006c2000000,0x00000006c2f0f8a8,0x00000006c9900000)
 Metaspace       used 72931K, capacity 77785K, committed 78040K, reserved 1116160K
  class space    used 10078K, capacity 10474K, committed 10496K, reserved 1048576K
Event: 14.243 GC heap after
Heap after GC invocations=12 (full 3):
 PSYoungGen      total 166912K, used 13801K [0x000000076b580000, 0x0000000777a80000, 0x00000007c0000000)
  eden space 153088K, 0% used [0x000000076b580000,0x000000076b580000,0x0000000774b00000)
  from space 13824K, 99% used [0x0000000774b00000,0x000000077587a428,0x0000000775880000)
  to   space 13824K, 0% used [0x0000000775880000,0x0000000775880000,0x0000000776600000)
 ParOldGen       total 123904K, used 17325K [0x00000006c2000000, 0x00000006c9900000, 0x000000076b580000)
  object space 123904K, 13% used [0x00000006c2000000,0x00000006c30eb410,0x00000006c9900000)
 Metaspace       used 72931K, capacity 77785K, committed 78040K, reserved 1116160K
  class space    used 10078K, capacity 10474K, committed 10496K, reserved 1048576K
}

